[2022-11-04 14:48:40] production.ERROR: SQLSTATE[23000]: Integrity constraint violation: 1062 Duplicate entry 'rolldiego@gmail.com' for key 'users_email_unique' (SQL: insert into `users` (`name`, `email`, `phone`, `document`, `state`, `city`, `password`, `updated_at`, `created_at`) values (Diego Fernando Rueda Vega, rolldiego@gmail.com, 3193514623, 80525220, 11, 107, $2y$10$8MXUBHNld6HK9h0363q9heLq3xHtbxECXjrcWtlDeMi0giGVeNesy, 2022-11-04 14:48:40, 2022-11-04 14:48:40)) {"exception":"[object] (Illuminate\\Database\\QueryException(code: 23000): SQLSTATE[23000]: Integrity constraint violation: 1062 Duplicate entry 'rolldiego@gmail.com' for key 'users_email_unique' (SQL: insert into `users` (`name`, `email`, `phone`, `document`, `state`, `city`, `password`, `updated_at`, `created_at`) values (Diego Fernando Rueda Vega, rolldiego@gmail.com, 3193514623, 80525220, 11, 107, $2y$10$8MXUBHNld6HK9h0363q9heLq3xHtbxECXjrcWtlDeMi0giGVeNesy, 2022-11-04 14:48:40, 2022-11-04 14:48:40)) at /mnt/efs/fs1/promopepsi.com/prod-co-promo-qatar-site-112022/html/vendor/laravel/framework/src/Illuminate/Database/Connection.php:712)
[stacktrace]
#0 /mnt/efs/fs1/promopepsi.com/prod-co-promo-qatar-site-112022/html/vendor/laravel/framework/src/Illuminate/Database/Connection.php(672): Illuminate\\Database\\Connection->runQueryCallback()
#1 /mnt/efs/fs1/promopepsi.com/prod-co-promo-qatar-site-112022/html/vendor/laravel/framework/src/Illuminate/Database/Connection.php(502): Illuminate\\Database\\Connection->run()
#2 /mnt/efs/fs1/promopepsi.com/prod-co-promo-qatar-site-112022/html/vendor/laravel/framework/src/Illuminate/Database/Connection.php(454): Illuminate\\Database\\Connection->statement()
#3 /mnt/efs/fs1/promopepsi.com/prod-co-promo-qatar-site-112022/html/vendor/laravel/framework/src/Illuminate/Database/Query/Processors/Processor.php(32): Illuminate\\Database\\Connection->insert()
#4 /mnt/efs/fs1/promopepsi.com/prod-co-promo-qatar-site-112022/html/vendor/laravel/framework/src/Illuminate/Database/Query/Builder.php(3028): Illuminate\\Database\\Query\\Processors\\Processor->processInsertGetId()
#5 /mnt/efs/fs1/promopepsi.com/prod-co-promo-qatar-site-112022/html/vendor/laravel/framework/src/Illuminate/Database/Eloquent/Builder.php(1657): Illuminate\\Database\\Query\\Builder->insertGetId()
#6 /mnt/efs/fs1/promopepsi.com/prod-co-promo-qatar-site-112022/html/vendor/laravel/framework/src/Illuminate/Database/Eloquent/Model.php(1188): Illuminate\\Database\\Eloquent\\Builder->__call()
#7 /mnt/efs/fs1/promopepsi.com/prod-co-promo-qatar-site-112022/html/vendor/laravel/framework/src/Illuminate/Database/Eloquent/Model.php(1153): Illuminate\\Database\\Eloquent\\Model->insertAndSetId()
#8 /mnt/efs/fs1/promopepsi.com/prod-co-promo-qatar-site-112022/html/vendor/laravel/framework/src/Illuminate/Database/Eloquent/Model.php(994): Illuminate\\Database\\Eloquent\\Model->performInsert()
#9 /mnt/efs/fs1/promopepsi.com/prod-co-promo-qatar-site-112022/html/vendor/laravel/framework/src/Illuminate/Database/Eloquent/Builder.php(896): Illuminate\\Database\\Eloquent\\Model->save()
#10 /mnt/efs/fs1/promopepsi.com/prod-co-promo-qatar-site-112022/html/vendor/laravel/framework/src/Illuminate/Support/helpers.php(263): Illuminate\\Database\\Eloquent\\Builder->Illuminate\\Database\\Eloquent\\{closure}()
#11 /mnt/efs/fs1/promopepsi.com/prod-co-promo-qatar-site-112022/html/vendor/laravel/framework/src/Illuminate/Database/Eloquent/Builder.php(897): tap()
#12 /mnt/efs/fs1/promopepsi.com/prod-co-promo-qatar-site-112022/html/vendor/laravel/framework/src/Illuminate/Support/Traits/ForwardsCalls.php(23): Illuminate\\Database\\Eloquent\\Builder->create()
#13 /mnt/efs/fs1/promopepsi.com/prod-co-promo-qatar-site-112022/html/vendor/laravel/framework/src/Illuminate/Database/Eloquent/Model.php(2132): Illuminate\\Database\\Eloquent\\Model->forwardCallTo()
#14 /mnt/efs/fs1/promopepsi.com/prod-co-promo-qatar-site-112022/html/vendor/laravel/framework/src/Illuminate/Database/Eloquent/Model.php(2144): Illuminate\\Database\\Eloquent\\Model->__call()
#15 /mnt/efs/fs1/promopepsi.com/prod-co-promo-qatar-site-112022/html/app/Http/Controllers/Auth/RegisteredUserController.php(56): Illuminate\\Database\\Eloquent\\Model::__callStatic()
#16 /mnt/efs/fs1/promopepsi.com/prod-co-promo-qatar-site-112022/html/vendor/laravel/framework/src/Illuminate/Routing/Controller.php(54): App\\Http\\Controllers\\Auth\\RegisteredUserController->store()
#17 /mnt/efs/fs1/promopepsi.com/prod-co-promo-qatar-site-112022/html/vendor/laravel/framework/src/Illuminate/Routing/ControllerDispatcher.php(45): Illuminate\\Routing\\Controller->callAction()
#18 /mnt/efs/fs1/promopepsi.com/prod-co-promo-qatar-site-112022/html/vendor/laravel/framework/src/Illuminate/Routing/Route.php(262): Illuminate\\Routing\\ControllerDispatcher->dispatch()
#19 /mnt/efs/fs1/promopepsi.com/prod-co-promo-qatar-site-112022/html/vendor/laravel/framework/src/Illuminate/Routing/Route.php(205): Illuminate\\Routing\\Route->runController()
#20 /mnt/efs/fs1/promopepsi.com/prod-co-promo-qatar-site-112022/html/vendor/laravel/framework/src/Illuminate/Routing/Router.php(721): Illuminate\\Routing\\Route->run()
#21 /mnt/efs/fs1/promopepsi.com/prod-co-promo-qatar-site-112022/html/vendor/laravel/framework/src/Illuminate/Pipeline/Pipeline.php(128): Illuminate\\Routing\\Router->Illuminate\\Routing\\{closure}()
#22 /mnt/efs/fs1/promopepsi.com/prod-co-promo-qatar-site-112022/html/app/Http/Middleware/RedirectIfAuthenticated.php(30): Illuminate\\Pipeline\\Pipeline->Illuminate\\Pipeline\\{closure}()
#23 /mnt/efs/fs1/promopepsi.com/prod-co-promo-qatar-site-112022/html/vendor/laravel/framework/src/Illuminate/Pipeline/Pipeline.php(167): App\\Http\\Middleware\\RedirectIfAuthenticated->handle()
#24 /mnt/efs/fs1/promopepsi.com/prod-co-promo-qatar-site-112022/html/vendor/laravel/framework/src/Illuminate/Routing/Middleware/SubstituteBindings.php(50): Illuminate\\Pipeline\\Pipeline->Illuminate\\Pipeline\\{closure}()
#25 /mnt/efs/fs1/promopepsi.com/prod-co-promo-qatar-site-112022/html/vendor/laravel/framework/src/Illuminate/Pipeline/Pipeline.php(167): Illuminate\\Routing\\Middleware\\SubstituteBindings->handle()
#26 /mnt/efs/fs1/promopepsi.com/prod-co-promo-qatar-site-112022/html/vendor/laravel/framework/src/Illuminate/Foundation/Http/Middleware/VerifyCsrfToken.php(78): Illuminate\\Pipeline\\Pipeline->Illuminate\\Pipeline\\{closure}()
#27 /mnt/efs/fs1/promopepsi.com/prod-co-promo-qatar-site-112022/html/vendor/laravel/framework/src/Illuminate/Pipeline/Pipeline.php(167): Illuminate\\Foundation\\Http\\Middleware\\VerifyCsrfToken->handle()
#28 /mnt/efs/fs1/promopepsi.com/prod-co-promo-qatar-site-112022/html/vendor/laravel/framework/src/Illuminate/View/Middleware/ShareErrorsFromSession.php(49): Illuminate\\Pipeline\\Pipeline->Illuminate\\Pipeline\\{closure}()
#29 /mnt/efs/fs1/promopepsi.com/prod-co-promo-qatar-site-112022/html/vendor/laravel/framework/src/Illuminate/Pipeline/Pipeline.php(167): Illuminate\\View\\Middleware\\ShareErrorsFromSession->handle()
#30 /mnt/efs/fs1/promopepsi.com/prod-co-promo-qatar-site-112022/html/vendor/laravel/framework/src/Illuminate/Session/Middleware/StartSession.php(121): Illuminate\\Pipeline\\Pipeline->Illuminate\\Pipeline\\{closure}()
#31 /mnt/efs/fs1/promopepsi.com/prod-co-promo-qatar-site-112022/html/vendor/laravel/framework/src/Illuminate/Session/Middleware/StartSession.php(64): Illuminate\\Session\\Middleware\\StartSession->handleStatefulRequest()
#32 /mnt/efs/fs1/promopepsi.com/prod-co-promo-qatar-site-112022/html/vendor/laravel/framework/src/Illuminate/Pipeline/Pipeline.php(167): Illuminate\\Session\\Middleware\\StartSession->handle()
#33 /mnt/efs/fs1/promopepsi.com/prod-co-promo-qatar-site-112022/html/vendor/laravel/framework/src/Illuminate/Cookie/Middleware/AddQueuedCookiesToResponse.php(37): Illuminate\\Pipeline\\Pipeline->Illuminate\\Pipeline\\{closure}()
#34 /mnt/efs/fs1/promopepsi.com/prod-co-promo-qatar-site-112022/html/vendor/laravel/framework/src/Illuminate/Pipeline/Pipeline.php(167): Illuminate\\Cookie\\Middleware\\AddQueuedCookiesToResponse->handle()
#35 /mnt/efs/fs1/promopepsi.com/prod-co-promo-qatar-site-112022/html/vendor/laravel/framework/src/Illuminate/Cookie/Middleware/EncryptCookies.php(67): Illuminate\\Pipeline\\Pipeline->Illuminate\\Pipeline\\{closure}()
#36 /mnt/efs/fs1/promopepsi.com/prod-co-promo-qatar-site-112022/html/vendor/laravel/framework/src/Illuminate/Pipeline/Pipeline.php(167): Illuminate\\Cookie\\Middleware\\EncryptCookies->handle()
#37 /mnt/efs/fs1/promopepsi.com/prod-co-promo-qatar-site-112022/html/vendor/laravel/framework/src/Illuminate/Pipeline/Pipeline.php(103): Illuminate\\Pipeline\\Pipeline->Illuminate\\Pipeline\\{closure}()
#38 /mnt/efs/fs1/promopepsi.com/prod-co-promo-qatar-site-112022/html/vendor/laravel/framework/src/Illuminate/Routing/Router.php(723): Illuminate\\Pipeline\\Pipeline->then()
#39 /mnt/efs/fs1/promopepsi.com/prod-co-promo-qatar-site-112022/html/vendor/laravel/framework/src/Illuminate/Routing/Router.php(698): Illuminate\\Routing\\Router->runRouteWithinStack()
#40 /mnt/efs/fs1/promopepsi.com/prod-co-promo-qatar-site-112022/html/vendor/laravel/framework/src/Illuminate/Routing/Router.php(662): Illuminate\\Routing\\Router->runRoute()
#41 /mnt/efs/fs1/promopepsi.com/prod-co-promo-qatar-site-112022/html/vendor/laravel/framework/src/Illuminate/Routing/Router.php(651): Illuminate\\Routing\\Router->dispatchToRoute()
#42 /mnt/efs/fs1/promopepsi.com/prod-co-promo-qatar-site-112022/html/vendor/laravel/framework/src/Illuminate/Foundation/Http/Kernel.php(167): Illuminate\\Routing\\Router->dispatch()
#43 /mnt/efs/fs1/promopepsi.com/prod-co-promo-qatar-site-112022/html/vendor/laravel/framework/src/Illuminate/Pipeline/Pipeline.php(128): Illuminate\\Foundation\\Http\\Kernel->Illuminate\\Foundation\\Http\\{closure}()
#44 /mnt/efs/fs1/promopepsi.com/prod-co-promo-qatar-site-112022/html/vendor/laravel/framework/src/Illuminate/Foundation/Http/Middleware/TransformsRequest.php(21): Illuminate\\Pipeline\\Pipeline->Illuminate\\Pipeline\\{closure}()
#45 /mnt/efs/fs1/promopepsi.com/prod-co-promo-qatar-site-112022/html/vendor/laravel/framework/src/Illuminate/Foundation/Http/Middleware/ConvertEmptyStringsToNull.php(31): Illuminate\\Foundation\\Http\\Middleware\\TransformsRequest->handle()
#46 /mnt/efs/fs1/promopepsi.com/prod-co-promo-qatar-site-112022/html/vendor/laravel/framework/src/Illuminate/Pipeline/Pipeline.php(167): Illuminate\\Foundation\\Http\\Middleware\\ConvertEmptyStringsToNull->handle()
#47 /mnt/efs/fs1/promopepsi.com/prod-co-promo-qatar-site-112022/html/vendor/laravel/framework/src/Illuminate/Foundation/Http/Middleware/TransformsRequest.php(21): Illuminate\\Pipeline\\Pipeline->Illuminate\\Pipeline\\{closure}()
#48 /mnt/efs/fs1/promopepsi.com/prod-co-promo-qatar-site-112022/html/vendor/laravel/framework/src/Illuminate/Foundation/Http/Middleware/TrimStrings.php(40): Illuminate\\Foundation\\Http\\Middleware\\TransformsRequest->handle()
#49 /mnt/efs/fs1/promopepsi.com/prod-co-promo-qatar-site-112022/html/vendor/laravel/framework/src/Illuminate/Pipeline/Pipeline.php(167): Illuminate\\Foundation\\Http\\Middleware\\TrimStrings->handle()
#50 /mnt/efs/fs1/promopepsi.com/prod-co-promo-qatar-site-112022/html/vendor/laravel/framework/src/Illuminate/Foundation/Http/Middleware/ValidatePostSize.php(27): Illuminate\\Pipeline\\Pipeline->Illuminate\\Pipeline\\{closure}()
#51 /mnt/efs/fs1/promopepsi.com/prod-co-promo-qatar-site-112022/html/vendor/laravel/framework/src/Illuminate/Pipeline/Pipeline.php(167): Illuminate\\Foundation\\Http\\Middleware\\ValidatePostSize->handle()
#52 /mnt/efs/fs1/promopepsi.com/prod-co-promo-qatar-site-112022/html/vendor/laravel/framework/src/Illuminate/Foundation/Http/Middleware/PreventRequestsDuringMaintenance.php(86): Illuminate\\Pipeline\\Pipeline->Illuminate\\Pipeline\\{closure}()
#53 /mnt/efs/fs1/promopepsi.com/prod-co-promo-qatar-site-112022/html/vendor/laravel/framework/src/Illuminate/Pipeline/Pipeline.php(167): Illuminate\\Foundation\\Http\\Middleware\\PreventRequestsDuringMaintenance->handle()
#54 /mnt/efs/fs1/promopepsi.com/prod-co-promo-qatar-site-112022/html/vendor/fruitcake/laravel-cors/src/HandleCors.php(38): Illuminate\\Pipeline\\Pipeline->Illuminate\\Pipeline\\{closure}()
#55 /mnt/efs/fs1/promopepsi.com/prod-co-promo-qatar-site-112022/html/vendor/laravel/framework/src/Illuminate/Pipeline/Pipeline.php(167): Fruitcake\\Cors\\HandleCors->handle()
#56 /mnt/efs/fs1/promopepsi.com/prod-co-promo-qatar-site-112022/html/vendor/laravel/framework/src/Illuminate/Http/Middleware/TrustProxies.php(39): Illuminate\\Pipeline\\Pipeline->Illuminate\\Pipeline\\{closure}()
#57 /mnt/efs/fs1/promopepsi.com/prod-co-promo-qatar-site-112022/html/vendor/laravel/framework/src/Illuminate/Pipeline/Pipeline.php(167): Illuminate\\Http\\Middleware\\TrustProxies->handle()
#58 /mnt/efs/fs1/promopepsi.com/prod-co-promo-qatar-site-112022/html/vendor/laravel/framework/src/Illuminate/Pipeline/Pipeline.php(103): Illuminate\\Pipeline\\Pipeline->Illuminate\\Pipeline\\{closure}()
#59 /mnt/efs/fs1/promopepsi.com/prod-co-promo-qatar-site-112022/html/vendor/laravel/framework/src/Illuminate/Foundation/Http/Kernel.php(142): Illuminate\\Pipeline\\Pipeline->then()
#60 /mnt/efs/fs1/promopepsi.com/prod-co-promo-qatar-site-112022/html/vendor/laravel/framework/src/Illuminate/Foundation/Http/Kernel.php(111): Illuminate\\Foundation\\Http\\Kernel->sendRequestThroughRouter()
#61 /mnt/efs/fs1/promopepsi.com/prod-co-promo-qatar-site-112022/html/public/index.php(51): Illuminate\\Foundation\\Http\\Kernel->handle()
#62 {main}

[previous exception] [object] (PDOException(code: 23000): SQLSTATE[23000]: Integrity constraint violation: 1062 Duplicate entry 'rolldiego@gmail.com' for key 'users_email_unique' at /mnt/efs/fs1/promopepsi.com/prod-co-promo-qatar-site-112022/html/vendor/laravel/framework/src/Illuminate/Database/Connection.php:501)
[stacktrace]
#0 /mnt/efs/fs1/promopepsi.com/prod-co-promo-qatar-site-112022/html/vendor/laravel/framework/src/Illuminate/Database/Connection.php(501): PDOStatement->execute()
#1 /mnt/efs/fs1/promopepsi.com/prod-co-promo-qatar-site-112022/html/vendor/laravel/framework/src/Illuminate/Database/Connection.php(705): Illuminate\\Database\\Connection->Illuminate\\Database\\{closure}()
#2 /mnt/efs/fs1/promopepsi.com/prod-co-promo-qatar-site-112022/html/vendor/laravel/framework/src/Illuminate/Database/Connection.php(672): Illuminate\\Database\\Connection->runQueryCallback()
#3 /mnt/efs/fs1/promopepsi.com/prod-co-promo-qatar-site-112022/html/vendor/laravel/framework/src/Illuminate/Database/Connection.php(502): Illuminate\\Database\\Connection->run()
#4 /mnt/efs/fs1/promopepsi.com/prod-co-promo-qatar-site-112022/html/vendor/laravel/framework/src/Illuminate/Database/Connection.php(454): Illuminate\\Database\\Connection->statement()
#5 /mnt/efs/fs1/promopepsi.com/prod-co-promo-qatar-site-112022/html/vendor/laravel/framework/src/Illuminate/Database/Query/Processors/Processor.php(32): Illuminate\\Database\\Connection->insert()
#6 /mnt/efs/fs1/promopepsi.com/prod-co-promo-qatar-site-112022/html/vendor/laravel/framework/src/Illuminate/Database/Query/Builder.php(3028): Illuminate\\Database\\Query\\Processors\\Processor->processInsertGetId()
#7 /mnt/efs/fs1/promopepsi.com/prod-co-promo-qatar-site-112022/html/vendor/laravel/framework/src/Illuminate/Database/Eloquent/Builder.php(1657): Illuminate\\Database\\Query\\Builder->insertGetId()
#8 /mnt/efs/fs1/promopepsi.com/prod-co-promo-qatar-site-112022/html/vendor/laravel/framework/src/Illuminate/Database/Eloquent/Model.php(1188): Illuminate\\Database\\Eloquent\\Builder->__call()
#9 /mnt/efs/fs1/promopepsi.com/prod-co-promo-qatar-site-112022/html/vendor/laravel/framework/src/Illuminate/Database/Eloquent/Model.php(1153): Illuminate\\Database\\Eloquent\\Model->insertAndSetId()
#10 /mnt/efs/fs1/promopepsi.com/prod-co-promo-qatar-site-112022/html/vendor/laravel/framework/src/Illuminate/Database/Eloquent/Model.php(994): Illuminate\\Database\\Eloquent\\Model->performInsert()
#11 /mnt/efs/fs1/promopepsi.com/prod-co-promo-qatar-site-112022/html/vendor/laravel/framework/src/Illuminate/Database/Eloquent/Builder.php(896): Illuminate\\Database\\Eloquent\\Model->save()
#12 /mnt/efs/fs1/promopepsi.com/prod-co-promo-qatar-site-112022/html/vendor/laravel/framework/src/Illuminate/Support/helpers.php(263): Illuminate\\Database\\Eloquent\\Builder->Illuminate\\Database\\Eloquent\\{closure}()
#13 /mnt/efs/fs1/promopepsi.com/prod-co-promo-qatar-site-112022/html/vendor/laravel/framework/src/Illuminate/Database/Eloquent/Builder.php(897): tap()
#14 /mnt/efs/fs1/promopepsi.com/prod-co-promo-qatar-site-112022/html/vendor/laravel/framework/src/Illuminate/Support/Traits/ForwardsCalls.php(23): Illuminate\\Database\\Eloquent\\Builder->create()
#15 /mnt/efs/fs1/promopepsi.com/prod-co-promo-qatar-site-112022/html/vendor/laravel/framework/src/Illuminate/Database/Eloquent/Model.php(2132): Illuminate\\Database\\Eloquent\\Model->forwardCallTo()
#16 /mnt/efs/fs1/promopepsi.com/prod-co-promo-qatar-site-112022/html/vendor/laravel/framework/src/Illuminate/Database/Eloquent/Model.php(2144): Illuminate\\Database\\Eloquent\\Model->__call()
#17 /mnt/efs/fs1/promopepsi.com/prod-co-promo-qatar-site-112022/html/app/Http/Controllers/Auth/RegisteredUserController.php(56): Illuminate\\Database\\Eloquent\\Model::__callStatic()
#18 /mnt/efs/fs1/promopepsi.com/prod-co-promo-qatar-site-112022/html/vendor/laravel/framework/src/Illuminate/Routing/Controller.php(54): App\\Http\\Controllers\\Auth\\RegisteredUserController->store()
#19 /mnt/efs/fs1/promopepsi.com/prod-co-promo-qatar-site-112022/html/vendor/laravel/framework/src/Illuminate/Routing/ControllerDispatcher.php(45): Illuminate\\Routing\\Controller->callAction()
#20 /mnt/efs/fs1/promopepsi.com/prod-co-promo-qatar-site-112022/html/vendor/laravel/framework/src/Illuminate/Routing/Route.php(262): Illuminate\\Routing\\ControllerDispatcher->dispatch()
#21 /mnt/efs/fs1/promopepsi.com/prod-co-promo-qatar-site-112022/html/vendor/laravel/framework/src/Illuminate/Routing/Route.php(205): Illuminate\\Routing\\Route->runController()
#22 /mnt/efs/fs1/promopepsi.com/prod-co-promo-qatar-site-112022/html/vendor/laravel/framework/src/Illuminate/Routing/Router.php(721): Illuminate\\Routing\\Route->run()
#23 /mnt/efs/fs1/promopepsi.com/prod-co-promo-qatar-site-112022/html/vendor/laravel/framework/src/Illuminate/Pipeline/Pipeline.php(128): Illuminate\\Routing\\Router->Illuminate\\Routing\\{closure}()
#24 /mnt/efs/fs1/promopepsi.com/prod-co-promo-qatar-site-112022/html/app/Http/Middleware/RedirectIfAuthenticated.php(30): Illuminate\\Pipeline\\Pipeline->Illuminate\\Pipeline\\{closure}()
#25 /mnt/efs/fs1/promopepsi.com/prod-co-promo-qatar-site-112022/html/vendor/laravel/framework/src/Illuminate/Pipeline/Pipeline.php(167): App\\Http\\Middleware\\RedirectIfAuthenticated->handle()
#26 /mnt/efs/fs1/promopepsi.com/prod-co-promo-qatar-site-112022/html/vendor/laravel/framework/src/Illuminate/Routing/Middleware/SubstituteBindings.php(50): Illuminate\\Pipeline\\Pipeline->Illuminate\\Pipeline\\{closure}()
#27 /mnt/efs/fs1/promopepsi.com/prod-co-promo-qatar-site-112022/html/vendor/laravel/framework/src/Illuminate/Pipeline/Pipeline.php(167): Illuminate\\Routing\\Middleware\\SubstituteBindings->handle()
#28 /mnt/efs/fs1/promopepsi.com/prod-co-promo-qatar-site-112022/html/vendor/laravel/framework/src/Illuminate/Foundation/Http/Middleware/VerifyCsrfToken.php(78): Illuminate\\Pipeline\\Pipeline->Illuminate\\Pipeline\\{closure}()
#29 /mnt/efs/fs1/promopepsi.com/prod-co-promo-qatar-site-112022/html/vendor/laravel/framework/src/Illuminate/Pipeline/Pipeline.php(167): Illuminate\\Foundation\\Http\\Middleware\\VerifyCsrfToken->handle()
#30 /mnt/efs/fs1/promopepsi.com/prod-co-promo-qatar-site-112022/html/vendor/laravel/framework/src/Illuminate/View/Middleware/ShareErrorsFromSession.php(49): Illuminate\\Pipeline\\Pipeline->Illuminate\\Pipeline\\{closure}()
#31 /mnt/efs/fs1/promopepsi.com/prod-co-promo-qatar-site-112022/html/vendor/laravel/framework/src/Illuminate/Pipeline/Pipeline.php(167): Illuminate\\View\\Middleware\\ShareErrorsFromSession->handle()
#32 /mnt/efs/fs1/promopepsi.com/prod-co-promo-qatar-site-112022/html/vendor/laravel/framework/src/Illuminate/Session/Middleware/StartSession.php(121): Illuminate\\Pipeline\\Pipeline->Illuminate\\Pipeline\\{closure}()
#33 /mnt/efs/fs1/promopepsi.com/prod-co-promo-qatar-site-112022/html/vendor/laravel/framework/src/Illuminate/Session/Middleware/StartSession.php(64): Illuminate\\Session\\Middleware\\StartSession->handleStatefulRequest()
#34 /mnt/efs/fs1/promopepsi.com/prod-co-promo-qatar-site-112022/html/vendor/laravel/framework/src/Illuminate/Pipeline/Pipeline.php(167): Illuminate\\Session\\Middleware\\StartSession->handle()
#35 /mnt/efs/fs1/promopepsi.com/prod-co-promo-qatar-site-112022/html/vendor/laravel/framework/src/Illuminate/Cookie/Middleware/AddQueuedCookiesToResponse.php(37): Illuminate\\Pipeline\\Pipeline->Illuminate\\Pipeline\\{closure}()
#36 /mnt/efs/fs1/promopepsi.com/prod-co-promo-qatar-site-112022/html/vendor/laravel/framework/src/Illuminate/Pipeline/Pipeline.php(167): Illuminate\\Cookie\\Middleware\\AddQueuedCookiesToResponse->handle()
#37 /mnt/efs/fs1/promopepsi.com/prod-co-promo-qatar-site-112022/html/vendor/laravel/framework/src/Illuminate/Cookie/Middleware/EncryptCookies.php(67): Illuminate\\Pipeline\\Pipeline->Illuminate\\Pipeline\\{closure}()
#38 /mnt/efs/fs1/promopepsi.com/prod-co-promo-qatar-site-112022/html/vendor/laravel/framework/src/Illuminate/Pipeline/Pipeline.php(167): Illuminate\\Cookie\\Middleware\\EncryptCookies->handle()
#39 /mnt/efs/fs1/promopepsi.com/prod-co-promo-qatar-site-112022/html/vendor/laravel/framework/src/Illuminate/Pipeline/Pipeline.php(103): Illuminate\\Pipeline\\Pipeline->Illuminate\\Pipeline\\{closure}()
#40 /mnt/efs/fs1/promopepsi.com/prod-co-promo-qatar-site-112022/html/vendor/laravel/framework/src/Illuminate/Routing/Router.php(723): Illuminate\\Pipeline\\Pipeline->then()
#41 /mnt/efs/fs1/promopepsi.com/prod-co-promo-qatar-site-112022/html/vendor/laravel/framework/src/Illuminate/Routing/Router.php(698): Illuminate\\Routing\\Router->runRouteWithinStack()
#42 /mnt/efs/fs1/promopepsi.com/prod-co-promo-qatar-site-112022/html/vendor/laravel/framework/src/Illuminate/Routing/Router.php(662): Illuminate\\Routing\\Router->runRoute()
#43 /mnt/efs/fs1/promopepsi.com/prod-co-promo-qatar-site-112022/html/vendor/laravel/framework/src/Illuminate/Routing/Router.php(651): Illuminate\\Routing\\Router->dispatchToRoute()
#44 /mnt/efs/fs1/promopepsi.com/prod-co-promo-qatar-site-112022/html/vendor/laravel/framework/src/Illuminate/Foundation/Http/Kernel.php(167): Illuminate\\Routing\\Router->dispatch()
#45 /mnt/efs/fs1/promopepsi.com/prod-co-promo-qatar-site-112022/html/vendor/laravel/framework/src/Illuminate/Pipeline/Pipeline.php(128): Illuminate\\Foundation\\Http\\Kernel->Illuminate\\Foundation\\Http\\{closure}()
#46 /mnt/efs/fs1/promopepsi.com/prod-co-promo-qatar-site-112022/html/vendor/laravel/framework/src/Illuminate/Foundation/Http/Middleware/TransformsRequest.php(21): Illuminate\\Pipeline\\Pipeline->Illuminate\\Pipeline\\{closure}()
#47 /mnt/efs/fs1/promopepsi.com/prod-co-promo-qatar-site-112022/html/vendor/laravel/framework/src/Illuminate/Foundation/Http/Middleware/ConvertEmptyStringsToNull.php(31): Illuminate\\Foundation\\Http\\Middleware\\TransformsRequest->handle()
#48 /mnt/efs/fs1/promopepsi.com/prod-co-promo-qatar-site-112022/html/vendor/laravel/framework/src/Illuminate/Pipeline/Pipeline.php(167): Illuminate\\Foundation\\Http\\Middleware\\ConvertEmptyStringsToNull->handle()
#49 /mnt/efs/fs1/promopepsi.com/prod-co-promo-qatar-site-112022/html/vendor/laravel/framework/src/Illuminate/Foundation/Http/Middleware/TransformsRequest.php(21): Illuminate\\Pipeline\\Pipeline->Illuminate\\Pipeline\\{closure}()
#50 /mnt/efs/fs1/promopepsi.com/prod-co-promo-qatar-site-112022/html/vendor/laravel/framework/src/Illuminate/Foundation/Http/Middleware/TrimStrings.php(40): Illuminate\\Foundation\\Http\\Middleware\\TransformsRequest->handle()
#51 /mnt/efs/fs1/promopepsi.com/prod-co-promo-qatar-site-112022/html/vendor/laravel/framework/src/Illuminate/Pipeline/Pipeline.php(167): Illuminate\\Foundation\\Http\\Middleware\\TrimStrings->handle()
#52 /mnt/efs/fs1/promopepsi.com/prod-co-promo-qatar-site-112022/html/vendor/laravel/framework/src/Illuminate/Foundation/Http/Middleware/ValidatePostSize.php(27): Illuminate\\Pipeline\\Pipeline->Illuminate\\Pipeline\\{closure}()
#53 /mnt/efs/fs1/promopepsi.com/prod-co-promo-qatar-site-112022/html/vendor/laravel/framework/src/Illuminate/Pipeline/Pipeline.php(167): Illuminate\\Foundation\\Http\\Middleware\\ValidatePostSize->handle()
#54 /mnt/efs/fs1/promopepsi.com/prod-co-promo-qatar-site-112022/html/vendor/laravel/framework/src/Illuminate/Foundation/Http/Middleware/PreventRequestsDuringMaintenance.php(86): Illuminate\\Pipeline\\Pipeline->Illuminate\\Pipeline\\{closure}()
#55 /mnt/efs/fs1/promopepsi.com/prod-co-promo-qatar-site-112022/html/vendor/laravel/framework/src/Illuminate/Pipeline/Pipeline.php(167): Illuminate\\Foundation\\Http\\Middleware\\PreventRequestsDuringMaintenance->handle()
#56 /mnt/efs/fs1/promopepsi.com/prod-co-promo-qatar-site-112022/html/vendor/fruitcake/laravel-cors/src/HandleCors.php(38): Illuminate\\Pipeline\\Pipeline->Illuminate\\Pipeline\\{closure}()
#57 /mnt/efs/fs1/promopepsi.com/prod-co-promo-qatar-site-112022/html/vendor/laravel/framework/src/Illuminate/Pipeline/Pipeline.php(167): Fruitcake\\Cors\\HandleCors->handle()
#58 /mnt/efs/fs1/promopepsi.com/prod-co-promo-qatar-site-112022/html/vendor/laravel/framework/src/Illuminate/Http/Middleware/TrustProxies.php(39): Illuminate\\Pipeline\\Pipeline->Illuminate\\Pipeline\\{closure}()
#59 /mnt/efs/fs1/promopepsi.com/prod-co-promo-qatar-site-112022/html/vendor/laravel/framework/src/Illuminate/Pipeline/Pipeline.php(167): Illuminate\\Http\\Middleware\\TrustProxies->handle()
#60 /mnt/efs/fs1/promopepsi.com/prod-co-promo-qatar-site-112022/html/vendor/laravel/framework/src/Illuminate/Pipeline/Pipeline.php(103): Illuminate\\Pipeline\\Pipeline->Illuminate\\Pipeline\\{closure}()
#61 /mnt/efs/fs1/promopepsi.com/prod-co-promo-qatar-site-112022/html/vendor/laravel/framework/src/Illuminate/Foundation/Http/Kernel.php(142): Illuminate\\Pipeline\\Pipeline->then()
#62 /mnt/efs/fs1/promopepsi.com/prod-co-promo-qatar-site-112022/html/vendor/laravel/framework/src/Illuminate/Foundation/Http/Kernel.php(111): Illuminate\\Foundation\\Http\\Kernel->sendRequestThroughRouter()
#63 /mnt/efs/fs1/promopepsi.com/prod-co-promo-qatar-site-112022/html/public/index.php(51): Illuminate\\Foundation\\Http\\Kernel->handle()
#64 {main}
"} 
